[{"line":1,"elements":[{"start_timestamp":"2023-02-25T04:13:38.752Z","before":[{"result":{"duration":4398200,"status":"passed"},"match":{"location":"com.stepdefinition.HooksClass.beforeEachScenario()"}}],"line":3,"name":"Login with Valid Credentials","description":"","id":"loginpage-testcases;login-with-valid-credentials","after":[{"result":{"status":"passed"},"match":{"location":"com.stepdefinition.HooksClass.afterEachScenario()"}}],"type":"scenario","keyword":"Scenario","steps":[{"result":{"duration":3105639600,"status":"passed"},"before":[{"result":{"duration":1023700,"status":"passed"},"match":{"location":"com.stepdefinition.HooksClass.beforeStep(io.cucumber.java.Scenario)"}}],"line":4,"name":"Open Browser","match":{"location":"com.stepdefinition.LoginPageSD.open_browser()"},"after":[{"result":{"duration":8840900,"status":"passed"},"match":{"location":"com.stepdefinition.HooksClass.afterStep(io.cucumber.java.Scenario)"}}],"keyword":"Given "},{"result":{"duration":6474763900,"status":"passed"},"before":[{"result":{"duration":6542600,"status":"passed"},"match":{"location":"com.stepdefinition.HooksClass.beforeStep(io.cucumber.java.Scenario)"}}],"line":5,"name":"Launch Adactin URL","match":{"location":"com.stepdefinition.LoginPageSD.launch_adactin_url()"},"after":[{"result":{"status":"passed"},"match":{"location":"com.stepdefinition.HooksClass.afterStep(io.cucumber.java.Scenario)"}}],"keyword":"And "},{"result":{"duration":4382304200,"status":"passed"},"before":[{"result":{"duration":1513000,"status":"passed"},"match":{"location":"com.stepdefinition.HooksClass.beforeStep(io.cucumber.java.Scenario)"}}],"line":6,"name":"Enter the Username \"Muthulakshmi07\"","match":{"arguments":[{"val":"\"Muthulakshmi07\"","offset":19}],"location":"com.stepdefinition.LoginPageSD.enter_the_username(java.lang.String)"},"after":[{"result":{"status":"passed"},"match":{"location":"com.stepdefinition.HooksClass.afterStep(io.cucumber.java.Scenario)"}}],"keyword":"When "},{"result":{"duration":186187500,"status":"passed"},"before":[{"result":{"status":"passed"},"match":{"location":"com.stepdefinition.HooksClass.beforeStep(io.cucumber.java.Scenario)"}}],"line":7,"name":"Enter the Password \"Viji@1703\"","match":{"arguments":[{"val":"\"Viji@1703\"","offset":19}],"location":"com.stepdefinition.LoginPageSD.enter_the_password(java.lang.String)"},"after":[{"result":{"status":"passed"},"match":{"location":"com.stepdefinition.HooksClass.afterStep(io.cucumber.java.Scenario)"}}],"keyword":"And "},{"result":{"error_message":"org.openqa.selenium.StaleElementReferenceException: stale element reference: element is not attached to the page document\n  (Session info: chrome=110.0.5481.77)\nFor documentation on this error, please visit: https://www.seleniumhq.org/exceptions/stale_element_reference.html\nBuild info: version: '3.141.59', revision: 'e82be7d358', time: '2018-11-14T08:17:03'\nSystem info: host: 'DINESH-PC', ip: '192.168.1.8', os.name: 'Windows 11', os.arch: 'amd64', os.version: '10.0', java.version: '17.0.5'\nDriver info: org.openqa.selenium.chrome.ChromeDriver\nCapabilities {acceptInsecureCerts: false, browserName: chrome, browserVersion: 110.0.5481.77, chrome: {chromedriverVersion: 110.0.5481.77 (65ed616c6e8e..., userDataDir: C:\\Users\\dines\\AppData\\Loca...}, goog:chromeOptions: {debuggerAddress: localhost:60221}, javascriptEnabled: true, networkConnectionEnabled: false, pageLoadStrategy: normal, platform: WINDOWS, platformName: WINDOWS, proxy: Proxy(), setWindowRect: true, strictFileInteractability: false, timeouts: {implicit: 0, pageLoad: 300000, script: 30000}, unhandledPromptBehavior: dismiss and notify, webauthn:extension:credBlob: true, webauthn:extension:largeBlob: true, webauthn:virtualAuthenticators: true}\nSession ID: b11ebd29f8375c7bd0bade4cace41b11\r\n\tat java.base/jdk.internal.reflect.NativeConstructorAccessorImpl.newInstance0(Native Method)\r\n\tat java.base/jdk.internal.reflect.NativeConstructorAccessorImpl.newInstance(NativeConstructorAccessorImpl.java:77)\r\n\tat java.base/jdk.internal.reflect.DelegatingConstructorAccessorImpl.newInstance(DelegatingConstructorAccessorImpl.java:45)\r\n\tat java.base/java.lang.reflect.Constructor.newInstanceWithCaller(Constructor.java:499)\r\n\tat java.base/java.lang.reflect.Constructor.newInstance(Constructor.java:480)\r\n\tat org.openqa.selenium.remote.http.W3CHttpResponseCodec.createException(W3CHttpResponseCodec.java:187)\r\n\tat org.openqa.selenium.remote.http.W3CHttpResponseCodec.decode(W3CHttpResponseCodec.java:122)\r\n\tat org.openqa.selenium.remote.http.W3CHttpResponseCodec.decode(W3CHttpResponseCodec.java:49)\r\n\tat org.openqa.selenium.remote.HttpCommandExecutor.execute(HttpCommandExecutor.java:158)\r\n\tat org.openqa.selenium.remote.service.DriverCommandExecutor.execute(DriverCommandExecutor.java:83)\r\n\tat org.openqa.selenium.remote.RemoteWebDriver.execute(RemoteWebDriver.java:552)\r\n\tat org.openqa.selenium.remote.RemoteWebElement.execute(RemoteWebElement.java:285)\r\n\tat org.openqa.selenium.remote.RemoteWebElement.click(RemoteWebElement.java:84)\r\n\tat com.base.utils.BaseClass.click(BaseClass.java:210)\r\n\tat com.stepdefinition.LoginPageSD.click_on_login_button(LoginPageSD.java:40)\r\n\tat ✽.Click on Login button(file:///C:/Users/dines/Downloads/CucumberJan3/./src/test/java/com/feature/files/LoginPage.feature:8)\r\n","duration":564004900,"status":"failed"},"before":[{"result":{"duration":1010500,"status":"passed"},"match":{"location":"com.stepdefinition.HooksClass.beforeStep(io.cucumber.java.Scenario)"}}],"line":8,"name":"Click on Login button","match":{"location":"com.stepdefinition.LoginPageSD.click_on_login_button()"},"after":[{"result":{"duration":1900700,"status":"passed"},"match":{"location":"com.stepdefinition.HooksClass.afterStep(io.cucumber.java.Scenario)"}}],"keyword":"And "},{"result":{"status":"skipped"},"before":[{"result":{"status":"skipped"},"match":{"location":"com.stepdefinition.HooksClass.beforeStep(io.cucumber.java.Scenario)"}}],"line":9,"name":"Validate User Logged successfully","match":{"location":"com.stepdefinition.LoginPageSD.validate_user_logged_successfully()"},"after":[{"result":{"status":"skipped"},"match":{"location":"com.stepdefinition.HooksClass.afterStep(io.cucumber.java.Scenario)"}}],"keyword":"Then "}]},{"start_timestamp":"2023-02-25T04:13:38.749Z","before":[{"result":{"duration":997700,"status":"passed"},"match":{"location":"com.stepdefinition.HooksClass.beforeEachScenario()"}}],"line":21,"name":"Login with different possibility of Credentials","description":"","id":"loginpage-testcases;login-with-different-possibility-of-credentials;;2","after":[{"result":{"status":"passed"},"match":{"location":"com.stepdefinition.HooksClass.afterEachScenario()"}}],"type":"scenario","keyword":"Scenario Outline","steps":[{"result":{"duration":3269829900,"status":"passed"},"before":[{"result":{"duration":2006200,"status":"passed"},"match":{"location":"com.stepdefinition.HooksClass.beforeStep(io.cucumber.java.Scenario)"}}],"line":12,"name":"Open Browser","match":{"location":"com.stepdefinition.LoginPageSD.open_browser()"},"after":[{"result":{"duration":2059100,"status":"passed"},"match":{"location":"com.stepdefinition.HooksClass.afterStep(io.cucumber.java.Scenario)"}}],"keyword":"Given "},{"result":{"duration":17290830800,"status":"passed"},"before":[{"result":{"duration":1024300,"status":"passed"},"match":{"location":"com.stepdefinition.HooksClass.beforeStep(io.cucumber.java.Scenario)"}}],"line":13,"name":"Launch Adactin URL","match":{"location":"com.stepdefinition.LoginPageSD.launch_adactin_url()"},"after":[{"result":{"duration":1004400,"status":"passed"},"match":{"location":"com.stepdefinition.HooksClass.afterStep(io.cucumber.java.Scenario)"}}],"keyword":"And "},{"result":{"duration":99434000,"status":"passed"},"before":[{"result":{"status":"passed"},"match":{"location":"com.stepdefinition.HooksClass.beforeStep(io.cucumber.java.Scenario)"}}],"line":14,"name":"Enter the Username as \"Ragu\"","match":{"arguments":[{"val":"\"Ragu\"","offset":22}],"location":"com.stepdefinition.LoginPageSD.enter_the_username_as(java.lang.String)"},"after":[{"result":{"duration":974900,"status":"passed"},"match":{"location":"com.stepdefinition.HooksClass.afterStep(io.cucumber.java.Scenario)"}}],"keyword":"When "},{"result":{"duration":111898900,"status":"passed"},"before":[{"result":{"status":"passed"},"match":{"location":"com.stepdefinition.HooksClass.beforeStep(io.cucumber.java.Scenario)"}}],"line":15,"name":"Enter the Password as \"ragu123\"","match":{"arguments":[{"val":"\"ragu123\"","offset":22}],"location":"com.stepdefinition.LoginPageSD.enter_the_password_as(java.lang.String)"},"after":[{"result":{"status":"passed"},"match":{"location":"com.stepdefinition.HooksClass.afterStep(io.cucumber.java.Scenario)"}}],"keyword":"And "},{"result":{"duration":1044710200,"status":"passed"},"before":[{"result":{"status":"passed"},"match":{"location":"com.stepdefinition.HooksClass.beforeStep(io.cucumber.java.Scenario)"}}],"line":16,"name":"Click on Login button","match":{"location":"com.stepdefinition.LoginPageSD.click_on_login_button()"},"after":[{"result":{"duration":1025900,"status":"passed"},"match":{"location":"com.stepdefinition.HooksClass.afterStep(io.cucumber.java.Scenario)"}}],"keyword":"And "},{"result":{"error_message":"org.openqa.selenium.NoSuchElementException: no such element: Unable to locate element: {\"method\":\"xpath\",\"selector\":\"//*[@name='username_show']\"}\n  (Session info: chrome=110.0.5481.77)\nFor documentation on this error, please visit: https://www.seleniumhq.org/exceptions/no_such_element.html\nBuild info: version: '3.141.59', revision: 'e82be7d358', time: '2018-11-14T08:17:03'\nSystem info: host: 'DINESH-PC', ip: '192.168.1.8', os.name: 'Windows 11', os.arch: 'amd64', os.version: '10.0', java.version: '17.0.5'\nDriver info: org.openqa.selenium.chrome.ChromeDriver\nCapabilities {acceptInsecureCerts: false, browserName: chrome, browserVersion: 110.0.5481.77, chrome: {chromedriverVersion: 110.0.5481.77 (65ed616c6e8e..., userDataDir: C:\\Users\\dines\\AppData\\Loca...}, goog:chromeOptions: {debuggerAddress: localhost:60221}, javascriptEnabled: true, networkConnectionEnabled: false, pageLoadStrategy: normal, platform: WINDOWS, platformName: WINDOWS, proxy: Proxy(), setWindowRect: true, strictFileInteractability: false, timeouts: {implicit: 0, pageLoad: 300000, script: 30000}, unhandledPromptBehavior: dismiss and notify, webauthn:extension:credBlob: true, webauthn:extension:largeBlob: true, webauthn:virtualAuthenticators: true}\nSession ID: b11ebd29f8375c7bd0bade4cace41b11\n*** Element info: {Using=xpath, value=//*[@name='username_show']}\r\n\tat java.base/jdk.internal.reflect.NativeConstructorAccessorImpl.newInstance0(Native Method)\r\n\tat java.base/jdk.internal.reflect.NativeConstructorAccessorImpl.newInstance(NativeConstructorAccessorImpl.java:77)\r\n\tat java.base/jdk.internal.reflect.DelegatingConstructorAccessorImpl.newInstance(DelegatingConstructorAccessorImpl.java:45)\r\n\tat java.base/java.lang.reflect.Constructor.newInstanceWithCaller(Constructor.java:499)\r\n\tat java.base/java.lang.reflect.Constructor.newInstance(Constructor.java:480)\r\n\tat org.openqa.selenium.remote.http.W3CHttpResponseCodec.createException(W3CHttpResponseCodec.java:187)\r\n\tat org.openqa.selenium.remote.http.W3CHttpResponseCodec.decode(W3CHttpResponseCodec.java:122)\r\n\tat org.openqa.selenium.remote.http.W3CHttpResponseCodec.decode(W3CHttpResponseCodec.java:49)\r\n\tat org.openqa.selenium.remote.HttpCommandExecutor.execute(HttpCommandExecutor.java:158)\r\n\tat org.openqa.selenium.remote.service.DriverCommandExecutor.execute(DriverCommandExecutor.java:83)\r\n\tat org.openqa.selenium.remote.RemoteWebDriver.execute(RemoteWebDriver.java:552)\r\n\tat org.openqa.selenium.remote.RemoteWebDriver.findElement(RemoteWebDriver.java:323)\r\n\tat org.openqa.selenium.remote.RemoteWebDriver.findElementByXPath(RemoteWebDriver.java:428)\r\n\tat org.openqa.selenium.By$ByXPath.findElement(By.java:353)\r\n\tat org.openqa.selenium.remote.RemoteWebDriver.findElement(RemoteWebDriver.java:315)\r\n\tat com.base.utils.BaseClass.findElementByXpath(BaseClass.java:181)\r\n\tat com.stepdefinition.LoginPageSD.validate_user_logged_successfully(LoginPageSD.java:45)\r\n\tat ✽.Validate User Logged successfully(file:///C:/Users/dines/Downloads/CucumberJan3/./src/test/java/com/feature/files/LoginPage.feature:17)\r\n","duration":45883700,"status":"failed"},"before":[{"result":{"duration":1057200,"status":"passed"},"match":{"location":"com.stepdefinition.HooksClass.beforeStep(io.cucumber.java.Scenario)"}}],"line":17,"name":"Validate User Logged successfully","match":{"location":"com.stepdefinition.LoginPageSD.validate_user_logged_successfully()"},"after":[{"result":{"status":"passed"},"match":{"location":"com.stepdefinition.HooksClass.afterStep(io.cucumber.java.Scenario)"}}],"keyword":"Then "}]},{"start_timestamp":"2023-02-25T04:13:38.750Z","before":[{"result":{"duration":4398200,"status":"passed"},"match":{"location":"com.stepdefinition.HooksClass.beforeEachScenario()"}}],"line":22,"name":"Login with different possibility of Credentials","description":"","id":"loginpage-testcases;login-with-different-possibility-of-credentials;;3","after":[{"result":{"duration":201900,"status":"passed"},"match":{"location":"com.stepdefinition.HooksClass.afterEachScenario()"}}],"type":"scenario","keyword":"Scenario Outline","steps":[{"result":{"duration":3105088400,"status":"passed"},"before":[{"result":{"status":"passed"},"match":{"location":"com.stepdefinition.HooksClass.beforeStep(io.cucumber.java.Scenario)"}}],"line":12,"name":"Open Browser","match":{"location":"com.stepdefinition.LoginPageSD.open_browser()"},"after":[{"result":{"duration":5293400,"status":"passed"},"match":{"location":"com.stepdefinition.HooksClass.afterStep(io.cucumber.java.Scenario)"}}],"keyword":"Given "},{"result":{"duration":6159457500,"status":"passed"},"before":[{"result":{"duration":3501600,"status":"passed"},"match":{"location":"com.stepdefinition.HooksClass.beforeStep(io.cucumber.java.Scenario)"}}],"line":13,"name":"Launch Adactin URL","match":{"location":"com.stepdefinition.LoginPageSD.launch_adactin_url()"},"after":[{"result":{"status":"passed"},"match":{"location":"com.stepdefinition.HooksClass.afterStep(io.cucumber.java.Scenario)"}}],"keyword":"And "},{"result":{"duration":4658716400,"status":"passed"},"before":[{"result":{"status":"passed"},"match":{"location":"com.stepdefinition.HooksClass.beforeStep(io.cucumber.java.Scenario)"}}],"line":14,"name":"Enter the Username as \"Nithin\"","match":{"arguments":[{"val":"\"Nithin\"","offset":22}],"location":"com.stepdefinition.LoginPageSD.enter_the_username_as(java.lang.String)"},"after":[{"result":{"duration":1088100,"status":"passed"},"match":{"location":"com.stepdefinition.HooksClass.afterStep(io.cucumber.java.Scenario)"}}],"keyword":"When "},{"result":{"duration":209063100,"status":"passed"},"before":[{"result":{"status":"passed"},"match":{"location":"com.stepdefinition.HooksClass.beforeStep(io.cucumber.java.Scenario)"}}],"line":15,"name":"Enter the Password as \"nithin123\"","match":{"arguments":[{"val":"\"nithin123\"","offset":22}],"location":"com.stepdefinition.LoginPageSD.enter_the_password_as(java.lang.String)"},"after":[{"result":{"status":"passed"},"match":{"location":"com.stepdefinition.HooksClass.afterStep(io.cucumber.java.Scenario)"}}],"keyword":"And "},{"result":{"duration":554597800,"status":"passed"},"before":[{"result":{"status":"passed"},"match":{"location":"com.stepdefinition.HooksClass.beforeStep(io.cucumber.java.Scenario)"}}],"line":16,"name":"Click on Login button","match":{"location":"com.stepdefinition.LoginPageSD.click_on_login_button()"},"after":[{"result":{"status":"passed"},"match":{"location":"com.stepdefinition.HooksClass.afterStep(io.cucumber.java.Scenario)"}}],"keyword":"And "},{"result":{"error_message":"org.openqa.selenium.NoSuchElementException: no such element: Unable to locate element: {\"method\":\"xpath\",\"selector\":\"//*[@name='username_show']\"}\n  (Session info: chrome=110.0.5481.77)\nFor documentation on this error, please visit: https://www.seleniumhq.org/exceptions/no_such_element.html\nBuild info: version: '3.141.59', revision: 'e82be7d358', time: '2018-11-14T08:17:03'\nSystem info: host: 'DINESH-PC', ip: '192.168.1.8', os.name: 'Windows 11', os.arch: 'amd64', os.version: '10.0', java.version: '17.0.5'\nDriver info: org.openqa.selenium.chrome.ChromeDriver\nCapabilities {acceptInsecureCerts: false, browserName: chrome, browserVersion: 110.0.5481.77, chrome: {chromedriverVersion: 110.0.5481.77 (65ed616c6e8e..., userDataDir: C:\\Users\\dines\\AppData\\Loca...}, goog:chromeOptions: {debuggerAddress: localhost:60221}, javascriptEnabled: true, networkConnectionEnabled: false, pageLoadStrategy: normal, platform: WINDOWS, platformName: WINDOWS, proxy: Proxy(), setWindowRect: true, strictFileInteractability: false, timeouts: {implicit: 0, pageLoad: 300000, script: 30000}, unhandledPromptBehavior: dismiss and notify, webauthn:extension:credBlob: true, webauthn:extension:largeBlob: true, webauthn:virtualAuthenticators: true}\nSession ID: b11ebd29f8375c7bd0bade4cace41b11\n*** Element info: {Using=xpath, value=//*[@name='username_show']}\r\n\tat java.base/jdk.internal.reflect.NativeConstructorAccessorImpl.newInstance0(Native Method)\r\n\tat java.base/jdk.internal.reflect.NativeConstructorAccessorImpl.newInstance(NativeConstructorAccessorImpl.java:77)\r\n\tat java.base/jdk.internal.reflect.DelegatingConstructorAccessorImpl.newInstance(DelegatingConstructorAccessorImpl.java:45)\r\n\tat java.base/java.lang.reflect.Constructor.newInstanceWithCaller(Constructor.java:499)\r\n\tat java.base/java.lang.reflect.Constructor.newInstance(Constructor.java:480)\r\n\tat org.openqa.selenium.remote.http.W3CHttpResponseCodec.createException(W3CHttpResponseCodec.java:187)\r\n\tat org.openqa.selenium.remote.http.W3CHttpResponseCodec.decode(W3CHttpResponseCodec.java:122)\r\n\tat org.openqa.selenium.remote.http.W3CHttpResponseCodec.decode(W3CHttpResponseCodec.java:49)\r\n\tat org.openqa.selenium.remote.HttpCommandExecutor.execute(HttpCommandExecutor.java:158)\r\n\tat org.openqa.selenium.remote.service.DriverCommandExecutor.execute(DriverCommandExecutor.java:83)\r\n\tat org.openqa.selenium.remote.RemoteWebDriver.execute(RemoteWebDriver.java:552)\r\n\tat org.openqa.selenium.remote.RemoteWebDriver.findElement(RemoteWebDriver.java:323)\r\n\tat org.openqa.selenium.remote.RemoteWebDriver.findElementByXPath(RemoteWebDriver.java:428)\r\n\tat org.openqa.selenium.By$ByXPath.findElement(By.java:353)\r\n\tat org.openqa.selenium.remote.RemoteWebDriver.findElement(RemoteWebDriver.java:315)\r\n\tat com.base.utils.BaseClass.findElementByXpath(BaseClass.java:181)\r\n\tat com.stepdefinition.LoginPageSD.validate_user_logged_successfully(LoginPageSD.java:45)\r\n\tat ✽.Validate User Logged successfully(file:///C:/Users/dines/Downloads/CucumberJan3/./src/test/java/com/feature/files/LoginPage.feature:17)\r\n","duration":41894500,"status":"failed"},"before":[{"result":{"status":"passed"},"match":{"location":"com.stepdefinition.HooksClass.beforeStep(io.cucumber.java.Scenario)"}}],"line":17,"name":"Validate User Logged successfully","match":{"location":"com.stepdefinition.LoginPageSD.validate_user_logged_successfully()"},"after":[{"result":{"duration":508100,"status":"passed"},"match":{"location":"com.stepdefinition.HooksClass.afterStep(io.cucumber.java.Scenario)"}}],"keyword":"Then "}]},{"start_timestamp":"2023-02-25T04:13:38.753Z","before":[{"result":{"duration":4398200,"status":"passed"},"match":{"location":"com.stepdefinition.HooksClass.beforeEachScenario()"}}],"line":23,"name":"Login with different possibility of Credentials","description":"","id":"loginpage-testcases;login-with-different-possibility-of-credentials;;4","after":[{"result":{"duration":1002600,"status":"passed"},"match":{"location":"com.stepdefinition.HooksClass.afterEachScenario()"}}],"type":"scenario","keyword":"Scenario Outline","steps":[{"result":{"duration":3391012900,"status":"passed"},"before":[{"result":{"status":"passed"},"match":{"location":"com.stepdefinition.HooksClass.beforeStep(io.cucumber.java.Scenario)"}}],"line":12,"name":"Open Browser","match":{"location":"com.stepdefinition.LoginPageSD.open_browser()"},"after":[{"result":{"status":"passed"},"match":{"location":"com.stepdefinition.HooksClass.afterStep(io.cucumber.java.Scenario)"}}],"keyword":"Given "},{"result":{"duration":10364924300,"status":"passed"},"before":[{"result":{"status":"passed"},"match":{"location":"com.stepdefinition.HooksClass.beforeStep(io.cucumber.java.Scenario)"}}],"line":13,"name":"Launch Adactin URL","match":{"location":"com.stepdefinition.LoginPageSD.launch_adactin_url()"},"after":[{"result":{"status":"passed"},"match":{"location":"com.stepdefinition.HooksClass.afterStep(io.cucumber.java.Scenario)"}}],"keyword":"And "},{"result":{"duration":271316200,"status":"passed"},"before":[{"result":{"status":"passed"},"match":{"location":"com.stepdefinition.HooksClass.beforeStep(io.cucumber.java.Scenario)"}}],"line":14,"name":"Enter the Username as \"kanmani\"","match":{"arguments":[{"val":"\"kanmani\"","offset":22}],"location":"com.stepdefinition.LoginPageSD.enter_the_username_as(java.lang.String)"},"after":[{"result":{"status":"passed"},"match":{"location":"com.stepdefinition.HooksClass.afterStep(io.cucumber.java.Scenario)"}}],"keyword":"When "},{"result":{"duration":192917900,"status":"passed"},"before":[{"result":{"duration":996800,"status":"passed"},"match":{"location":"com.stepdefinition.HooksClass.beforeStep(io.cucumber.java.Scenario)"}}],"line":15,"name":"Enter the Password as \"kanmani123\"","match":{"arguments":[{"val":"\"kanmani123\"","offset":22}],"location":"com.stepdefinition.LoginPageSD.enter_the_password_as(java.lang.String)"},"after":[{"result":{"status":"passed"},"match":{"location":"com.stepdefinition.HooksClass.afterStep(io.cucumber.java.Scenario)"}}],"keyword":"And "},{"result":{"error_message":"org.openqa.selenium.StaleElementReferenceException: stale element reference: element is not attached to the page document\n  (Session info: chrome=110.0.5481.77)\nFor documentation on this error, please visit: https://www.seleniumhq.org/exceptions/stale_element_reference.html\nBuild info: version: '3.141.59', revision: 'e82be7d358', time: '2018-11-14T08:17:03'\nSystem info: host: 'DINESH-PC', ip: '192.168.1.8', os.name: 'Windows 11', os.arch: 'amd64', os.version: '10.0', java.version: '17.0.5'\nDriver info: org.openqa.selenium.chrome.ChromeDriver\nCapabilities {acceptInsecureCerts: false, browserName: chrome, browserVersion: 110.0.5481.77, chrome: {chromedriverVersion: 110.0.5481.77 (65ed616c6e8e..., userDataDir: C:\\Users\\dines\\AppData\\Loca...}, goog:chromeOptions: {debuggerAddress: localhost:60221}, javascriptEnabled: true, networkConnectionEnabled: false, pageLoadStrategy: normal, platform: WINDOWS, platformName: WINDOWS, proxy: Proxy(), setWindowRect: true, strictFileInteractability: false, timeouts: {implicit: 0, pageLoad: 300000, script: 30000}, unhandledPromptBehavior: dismiss and notify, webauthn:extension:credBlob: true, webauthn:extension:largeBlob: true, webauthn:virtualAuthenticators: true}\nSession ID: b11ebd29f8375c7bd0bade4cace41b11\r\n\tat java.base/jdk.internal.reflect.NativeConstructorAccessorImpl.newInstance0(Native Method)\r\n\tat java.base/jdk.internal.reflect.NativeConstructorAccessorImpl.newInstance(NativeConstructorAccessorImpl.java:77)\r\n\tat java.base/jdk.internal.reflect.DelegatingConstructorAccessorImpl.newInstance(DelegatingConstructorAccessorImpl.java:45)\r\n\tat java.base/java.lang.reflect.Constructor.newInstanceWithCaller(Constructor.java:499)\r\n\tat java.base/java.lang.reflect.Constructor.newInstance(Constructor.java:480)\r\n\tat org.openqa.selenium.remote.http.W3CHttpResponseCodec.createException(W3CHttpResponseCodec.java:187)\r\n\tat org.openqa.selenium.remote.http.W3CHttpResponseCodec.decode(W3CHttpResponseCodec.java:122)\r\n\tat org.openqa.selenium.remote.http.W3CHttpResponseCodec.decode(W3CHttpResponseCodec.java:49)\r\n\tat org.openqa.selenium.remote.HttpCommandExecutor.execute(HttpCommandExecutor.java:158)\r\n\tat org.openqa.selenium.remote.service.DriverCommandExecutor.execute(DriverCommandExecutor.java:83)\r\n\tat org.openqa.selenium.remote.RemoteWebDriver.execute(RemoteWebDriver.java:552)\r\n\tat org.openqa.selenium.remote.RemoteWebElement.execute(RemoteWebElement.java:285)\r\n\tat org.openqa.selenium.remote.RemoteWebElement.click(RemoteWebElement.java:84)\r\n\tat com.base.utils.BaseClass.click(BaseClass.java:210)\r\n\tat com.stepdefinition.LoginPageSD.click_on_login_button(LoginPageSD.java:40)\r\n\tat ✽.Click on Login button(file:///C:/Users/dines/Downloads/CucumberJan3/./src/test/java/com/feature/files/LoginPage.feature:16)\r\n","duration":524689000,"status":"failed"},"before":[{"result":{"duration":515700,"status":"passed"},"match":{"location":"com.stepdefinition.HooksClass.beforeStep(io.cucumber.java.Scenario)"}}],"line":16,"name":"Click on Login button","match":{"location":"com.stepdefinition.LoginPageSD.click_on_login_button()"},"after":[{"result":{"duration":1900700,"status":"passed"},"match":{"location":"com.stepdefinition.HooksClass.afterStep(io.cucumber.java.Scenario)"}}],"keyword":"And "},{"result":{"status":"skipped"},"before":[{"result":{"duration":810100,"status":"skipped"},"match":{"location":"com.stepdefinition.HooksClass.beforeStep(io.cucumber.java.Scenario)"}}],"line":17,"name":"Validate User Logged successfully","match":{"location":"com.stepdefinition.LoginPageSD.validate_user_logged_successfully()"},"after":[{"result":{"status":"skipped"},"match":{"location":"com.stepdefinition.HooksClass.afterStep(io.cucumber.java.Scenario)"}}],"keyword":"Then "}]}],"name":"LoginPage TestCases","description":"","id":"loginpage-testcases","keyword":"Feature","uri":"file:src/test/java/com/feature/files/LoginPage.feature","tags":[]}]